<?xml version="1.0" encoding="UTF-8"?>
<coverage generated="1701337336117" clover="3.2.0">
  <project timestamp="1701337336117" name="All files">
    <metrics statements="44" coveredstatements="32" conditionals="8" coveredconditionals="4" methods="17" coveredmethods="9" elements="69" coveredelements="45" complexity="0" loc="44" ncloc="44" packages="2" files="5" classes="5"/>
    <package name="Components">
      <metrics statements="43" coveredstatements="31" conditionals="8" coveredconditionals="4" methods="17" coveredmethods="9"/>
      <file name="Body.js" path="E:\SEVA\Namaste\React\Food Ordering App\src\Components\Body.js">
        <metrics statements="26" coveredstatements="16" conditionals="4" coveredconditionals="2" methods="10" coveredmethods="3"/>
        <line num="9" count="1" type="stmt"/>
        <line num="10" count="11" type="stmt"/>
        <line num="11" count="10" type="stmt"/>
        <line num="12" count="10" type="stmt"/>
        <line num="14" count="10" type="stmt"/>
        <line num="16" count="10" type="stmt"/>
        <line num="17" count="2" type="stmt"/>
        <line num="20" count="10" type="stmt"/>
        <line num="21" count="2" type="stmt"/>
        <line num="23" count="2" type="stmt"/>
        <line num="25" count="2" type="stmt"/>
        <line num="28" count="2" type="stmt"/>
        <line num="39" count="10" type="stmt"/>
        <line num="41" count="10" type="cond" truecount="1" falsecount="1"/>
        <line num="42" count="0" type="stmt"/>
        <line num="48" count="10" type="stmt"/>
        <line num="50" count="10" type="cond" truecount="1" falsecount="1"/>
        <line num="61" count="0" type="stmt"/>
        <line num="67" count="0" type="stmt"/>
        <line num="68" count="0" type="stmt"/>
        <line num="72" count="0" type="stmt"/>
        <line num="81" count="0" type="stmt"/>
        <line num="82" count="0" type="stmt"/>
        <line num="84" count="0" type="stmt"/>
        <line num="94" count="0" type="stmt"/>
        <line num="103" count="0" type="stmt"/>
      </file>
      <file name="Contact.js" path="E:\SEVA\Namaste\React\Food Ordering App\src\Components\Contact.js">
        <metrics statements="2" coveredstatements="2" conditionals="0" coveredconditionals="0" methods="1" coveredmethods="1"/>
        <line num="1" count="1" type="stmt"/>
        <line num="2" count="4" type="stmt"/>
      </file>
      <file name="Header.js" path="E:\SEVA\Namaste\React\Food Ordering App\src\Components\Header.js">
        <metrics statements="8" coveredstatements="7" conditionals="4" coveredconditionals="2" methods="3" coveredmethods="3"/>
        <line num="7" count="1" type="stmt"/>
        <line num="8" count="2" type="stmt"/>
        <line num="9" count="2" type="stmt"/>
        <line num="10" count="2" type="stmt"/>
        <line num="15" count="3" type="stmt"/>
        <line num="17" count="2" type="stmt"/>
        <line num="43" count="1" type="cond" truecount="1" falsecount="1"/>
        <line num="44" count="0" type="stmt"/>
      </file>
      <file name="RastaurantCards.js" path="E:\SEVA\Namaste\React\Food Ordering App\src\Components\RastaurantCards.js">
        <metrics statements="7" coveredstatements="6" conditionals="0" coveredconditionals="0" methods="3" coveredmethods="2"/>
        <line num="2" count="2" type="stmt"/>
        <line num="4" count="1" type="stmt"/>
        <line num="6" count="1" type="stmt"/>
        <line num="8" count="1" type="stmt"/>
        <line num="25" count="2" type="stmt"/>
        <line num="26" count="10" type="stmt"/>
        <line num="27" count="0" type="stmt"/>
      </file>
    </package>
    <package name="utils">
      <metrics statements="1" coveredstatements="1" conditionals="0" coveredconditionals="0" methods="0" coveredmethods="0"/>
      <file name="appStore.js" path="E:\SEVA\Namaste\React\Food Ordering App\src\utils\appStore.js">
        <metrics statements="1" coveredstatements="1" conditionals="0" coveredconditionals="0" methods="0" coveredmethods="0"/>
        <line num="4" count="1" type="stmt"/>
      </file>
    </package>
  </project>
</coverage>
