{"E:\\SEVA\\Namaste\\React\\Food Ordering App\\src\\Components\\Body.js": {"path":"E:\\SEVA\\Namaste\\React\\Food Ordering App\\src\\Components\\Body.js","statementMap":{"0":{"start":{"line":9,"column":13},"end":{"line":122,"column":1}},"1":{"start":{"line":10,"column":52},"end":{"line":10,"column":64}},"2":{"start":{"line":11,"column":54},"end":{"line":11,"column":66}},"3":{"start":{"line":12,"column":38},"end":{"line":12,"column":50}},"4":{"start":{"line":14,"column":33},"end":{"line":14,"column":66}},"5":{"start":{"line":16,"column":2},"end":{"line":18,"column":9}},"6":{"start":{"line":17,"column":4},"end":{"line":17,"column":16}},"7":{"start":{"line":20,"column":20},"end":{"line":31,"column":3}},"8":{"start":{"line":21,"column":17},"end":{"line":21,"column":40}},"9":{"start":{"line":23,"column":17},"end":{"line":23,"column":34}},"10":{"start":{"line":25,"column":4},"end":{"line":27,"column":6}},"11":{"start":{"line":28,"column":4},"end":{"line":30,"column":6}},"12":{"start":{"line":39,"column":23},"end":{"line":39,"column":40}},"13":{"start":{"line":41,"column":2},"end":{"line":46,"column":6}},"14":{"start":{"line":42,"column":4},"end":{"line":46,"column":6}},"15":{"start":{"line":48,"column":40},"end":{"line":48,"column":63}},"16":{"start":{"line":50,"column":2},"end":{"line":121,"column":4}},"17":{"start":{"line":61,"column":14},"end":{"line":61,"column":44}},"18":{"start":{"line":67,"column":35},"end":{"line":71,"column":16}},"19":{"start":{"line":68,"column":16},"end":{"line":70,"column":54}},"20":{"start":{"line":72,"column":14},"end":{"line":72,"column":50}},"21":{"start":{"line":81,"column":33},"end":{"line":83,"column":14}},"22":{"start":{"line":82,"column":14},"end":{"line":82,"column":44}},"23":{"start":{"line":84,"column":12},"end":{"line":84,"column":47}},"24":{"start":{"line":94,"column":29},"end":{"line":94,"column":56}},"25":{"start":{"line":103,"column":14},"end":{"line":107,"column":16}}},"fnMap":{"0":{"name":"(anonymous_0)","decl":{"start":{"line":9,"column":13},"end":{"line":9,"column":14}},"loc":{"start":{"line":9,"column":19},"end":{"line":122,"column":1}},"line":9},"1":{"name":"(anonymous_1)","decl":{"start":{"line":16,"column":12},"end":{"line":16,"column":13}},"loc":{"start":{"line":16,"column":18},"end":{"line":18,"column":3}},"line":16},"2":{"name":"(anonymous_2)","decl":{"start":{"line":20,"column":20},"end":{"line":20,"column":21}},"loc":{"start":{"line":20,"column":32},"end":{"line":31,"column":3}},"line":20},"3":{"name":"(anonymous_3)","decl":{"start":{"line":60,"column":22},"end":{"line":60,"column":23}},"loc":{"start":{"line":60,"column":29},"end":{"line":62,"column":13}},"line":60},"4":{"name":"(anonymous_4)","decl":{"start":{"line":66,"column":21},"end":{"line":66,"column":22}},"loc":{"start":{"line":66,"column":27},"end":{"line":73,"column":13}},"line":66},"5":{"name":"(anonymous_5)","decl":{"start":{"line":67,"column":60},"end":{"line":67,"column":61}},"loc":{"start":{"line":67,"column":69},"end":{"line":71,"column":15}},"line":67},"6":{"name":"(anonymous_6)","decl":{"start":{"line":80,"column":19},"end":{"line":80,"column":20}},"loc":{"start":{"line":80,"column":25},"end":{"line":85,"column":11}},"line":80},"7":{"name":"(anonymous_7)","decl":{"start":{"line":81,"column":58},"end":{"line":81,"column":59}},"loc":{"start":{"line":81,"column":67},"end":{"line":83,"column":13}},"line":81},"8":{"name":"(anonymous_8)","decl":{"start":{"line":94,"column":22},"end":{"line":94,"column":23}},"loc":{"start":{"line":94,"column":29},"end":{"line":94,"column":56}},"line":94},"9":{"name":"(anonymous_9)","decl":{"start":{"line":102,"column":35},"end":{"line":102,"column":36}},"loc":{"start":{"line":102,"column":50},"end":{"line":108,"column":13}},"line":102}},"branchMap":{"0":{"loc":{"start":{"line":41,"column":2},"end":{"line":46,"column":6}},"type":"if","locations":[{"start":{"line":41,"column":2},"end":{"line":46,"column":6}},{"start":{},"end":{}}],"line":41},"1":{"loc":{"start":{"line":50,"column":9},"end":{"line":121,"column":3}},"type":"cond-expr","locations":[{"start":{"line":51,"column":4},"end":{"line":51,"column":15}},{"start":{"line":53,"column":4},"end":{"line":120,"column":10}}],"line":50}},"s":{"0":1,"1":11,"2":10,"3":10,"4":10,"5":10,"6":2,"7":10,"8":2,"9":2,"10":2,"11":2,"12":10,"13":10,"14":0,"15":10,"16":10,"17":0,"18":0,"19":0,"20":0,"21":0,"22":0,"23":0,"24":0,"25":0},"f":{"0":11,"1":2,"2":2,"3":0,"4":0,"5":0,"6":0,"7":0,"8":0,"9":0},"b":{"0":[0,10],"1":[2,0]},"_coverageSchema":"1a1c01bbd47fc00a2c39e90264f33305004495a9","hash":"94f94b2fcef9f5347ceefddd22282f222dc4bc3a"}
,"E:\\SEVA\\Namaste\\React\\Food Ordering App\\src\\Components\\Contact.js": {"path":"E:\\SEVA\\Namaste\\React\\Food Ordering App\\src\\Components\\Contact.js","statementMap":{"0":{"start":{"line":1,"column":16},"end":{"line":24,"column":1}},"1":{"start":{"line":2,"column":2},"end":{"line":23,"column":4}}},"fnMap":{"0":{"name":"(anonymous_0)","decl":{"start":{"line":1,"column":16},"end":{"line":1,"column":17}},"loc":{"start":{"line":1,"column":22},"end":{"line":24,"column":1}},"line":1}},"branchMap":{},"s":{"0":1,"1":4},"f":{"0":4},"b":{},"_coverageSchema":"1a1c01bbd47fc00a2c39e90264f33305004495a9","hash":"ad4caf7dbaedb89954dc0d9514386b68d1d9f9e9"}
,"E:\\SEVA\\Namaste\\React\\Food Ordering App\\src\\Components\\Header.js": {"path":"E:\\SEVA\\Namaste\\React\\Food Ordering App\\src\\Components\\Header.js","statementMap":{"0":{"start":{"line":7,"column":15},"end":{"line":54,"column":1}},"1":{"start":{"line":8,"column":24},"end":{"line":8,"column":41}},"2":{"start":{"line":9,"column":23},"end":{"line":9,"column":40}},"3":{"start":{"line":10,"column":27},"end":{"line":10,"column":50}},"4":{"start":{"line":15,"column":20},"end":{"line":15,"column":60}},"5":{"start":{"line":15,"column":43},"end":{"line":15,"column":59}},"6":{"start":{"line":17,"column":2},"end":{"line":53,"column":4}},"7":{"start":{"line":43,"column":14},"end":{"line":44,"column":35}},"8":{"start":{"line":43,"column":34},"end":{"line":43,"column":51}},"9":{"start":{"line":44,"column":19},"end":{"line":44,"column":35}}},"fnMap":{"0":{"name":"(anonymous_0)","decl":{"start":{"line":7,"column":15},"end":{"line":7,"column":16}},"loc":{"start":{"line":7,"column":21},"end":{"line":54,"column":1}},"line":7},"1":{"name":"(anonymous_1)","decl":{"start":{"line":15,"column":32},"end":{"line":15,"column":33}},"loc":{"start":{"line":15,"column":43},"end":{"line":15,"column":59}},"line":15},"2":{"name":"(anonymous_2)","decl":{"start":{"line":42,"column":21},"end":{"line":42,"column":22}},"loc":{"start":{"line":42,"column":27},"end":{"line":45,"column":13}},"line":42}},"branchMap":{"0":{"loc":{"start":{"line":24,"column":29},"end":{"line":24,"column":55}},"type":"cond-expr","locations":[{"start":{"line":24,"column":44},"end":{"line":24,"column":48}},{"start":{"line":24,"column":51},"end":{"line":24,"column":55}}],"line":24},"1":{"loc":{"start":{"line":43,"column":14},"end":{"line":44,"column":35}},"type":"if","locations":[{"start":{"line":43,"column":14},"end":{"line":44,"column":35}},{"start":{"line":44,"column":19},"end":{"line":44,"column":35}}],"line":43}},"s":{"0":1,"1":2,"2":2,"3":2,"4":2,"5":3,"6":2,"7":1,"8":1,"9":0},"f":{"0":2,"1":3,"2":1},"b":{"0":[2,0],"1":[1,0]},"_coverageSchema":"1a1c01bbd47fc00a2c39e90264f33305004495a9","hash":"01fe484a7e455c357f7dacd02e0507c6d97e157b"}
,"E:\\SEVA\\Namaste\\React\\Food Ordering App\\src\\Components\\RastaurantCards.js": {"path":"E:\\SEVA\\Namaste\\React\\Food Ordering App\\src\\Components\\RastaurantCards.js","statementMap":{"0":{"start":{"line":2,"column":23},"end":{"line":23,"column":1}},"1":{"start":{"line":4,"column":22},"end":{"line":4,"column":27}},"2":{"start":{"line":6,"column":59},"end":{"line":6,"column":66}},"3":{"start":{"line":8,"column":2},"end":{"line":22,"column":4}},"4":{"start":{"line":25,"column":33},"end":{"line":34,"column":1}},"5":{"start":{"line":26,"column":2},"end":{"line":33,"column":4}},"6":{"start":{"line":27,"column":4},"end":{"line":32,"column":6}}},"fnMap":{"0":{"name":"(anonymous_0)","decl":{"start":{"line":2,"column":23},"end":{"line":2,"column":24}},"loc":{"start":{"line":2,"column":34},"end":{"line":23,"column":1}},"line":2},"1":{"name":"(anonymous_1)","decl":{"start":{"line":25,"column":33},"end":{"line":25,"column":34}},"loc":{"start":{"line":25,"column":53},"end":{"line":34,"column":1}},"line":25},"2":{"name":"(anonymous_2)","decl":{"start":{"line":26,"column":9},"end":{"line":26,"column":10}},"loc":{"start":{"line":26,"column":20},"end":{"line":33,"column":3}},"line":26}},"branchMap":{},"s":{"0":2,"1":1,"2":1,"3":1,"4":2,"5":10,"6":0},"f":{"0":1,"1":10,"2":0},"b":{},"_coverageSchema":"1a1c01bbd47fc00a2c39e90264f33305004495a9","hash":"2a442f7d6d8be0f0a26e87c1f90e960e2cafa723"}
,"E:\\SEVA\\Namaste\\React\\Food Ordering App\\src\\utils\\appStore.js": {"path":"E:\\SEVA\\Namaste\\React\\Food Ordering App\\src\\utils\\appStore.js","statementMap":{"0":{"start":{"line":4,"column":17},"end":{"line":8,"column":2}}},"fnMap":{},"branchMap":{},"s":{"0":1},"f":{},"b":{},"_coverageSchema":"1a1c01bbd47fc00a2c39e90264f33305004495a9","hash":"d19f5eb10f3588bb7e683f955b46e1d8f7aa7fb7"}
}
