TN:
SF:src\Components\Body.js
FN:9,(anonymous_0)
FN:16,(anonymous_1)
FN:20,(anonymous_2)
FN:60,(anonymous_3)
FN:66,(anonymous_4)
FN:67,(anonymous_5)
FN:80,(anonymous_6)
FN:81,(anonymous_7)
FN:94,(anonymous_8)
FN:102,(anonymous_9)
FNF:10
FNH:3
FNDA:11,(anonymous_0)
FNDA:2,(anonymous_1)
FNDA:2,(anonymous_2)
FNDA:0,(anonymous_3)
FNDA:0,(anonymous_4)
FNDA:0,(anonymous_5)
FNDA:0,(anonymous_6)
FNDA:0,(anonymous_7)
FNDA:0,(anonymous_8)
FNDA:0,(anonymous_9)
DA:9,1
DA:10,11
DA:11,10
DA:12,10
DA:14,10
DA:16,10
DA:17,2
DA:20,10
DA:21,2
DA:23,2
DA:25,2
DA:28,2
DA:39,10
DA:41,10
DA:42,0
DA:48,10
DA:50,10
DA:61,0
DA:67,0
DA:68,0
DA:72,0
DA:81,0
DA:82,0
DA:84,0
DA:94,0
DA:103,0
LF:26
LH:16
BRDA:41,0,0,0
BRDA:41,0,1,10
BRDA:50,1,0,2
BRDA:50,1,1,0
BRF:4
BRH:2
end_of_record
TN:
SF:src\Components\Contact.js
FN:1,(anonymous_0)
FNF:1
FNH:1
FNDA:4,(anonymous_0)
DA:1,1
DA:2,4
LF:2
LH:2
BRF:0
BRH:0
end_of_record
TN:
SF:src\Components\Header.js
FN:7,(anonymous_0)
FN:15,(anonymous_1)
FN:42,(anonymous_2)
FNF:3
FNH:3
FNDA:2,(anonymous_0)
FNDA:3,(anonymous_1)
FNDA:1,(anonymous_2)
DA:7,1
DA:8,2
DA:9,2
DA:10,2
DA:15,3
DA:17,2
DA:43,1
DA:44,0
LF:8
LH:7
BRDA:24,0,0,2
BRDA:24,0,1,0
BRDA:43,1,0,1
BRDA:43,1,1,0
BRF:4
BRH:2
end_of_record
TN:
SF:src\Components\RastaurantCards.js
FN:2,(anonymous_0)
FN:25,(anonymous_1)
FN:26,(anonymous_2)
FNF:3
FNH:2
FNDA:1,(anonymous_0)
FNDA:10,(anonymous_1)
FNDA:0,(anonymous_2)
DA:2,2
DA:4,1
DA:6,1
DA:8,1
DA:25,2
DA:26,10
DA:27,0
LF:7
LH:6
BRF:0
BRH:0
end_of_record
TN:
SF:src\utils\appStore.js
FNF:0
FNH:0
DA:4,1
LF:1
LH:1
BRF:0
BRH:0
end_of_record
